2022-02-28 20:35:11 INFO  CompressedOsmParser:22 - Starting...
2022-02-28 20:35:11 INFO  CompressedOsmParser:23 - Creating reader for file...
2022-02-28 20:35:11 INFO  CompressedOsmParser:30 - File RU-NVS.osm.bz2 found in resources folder...
2022-02-28 20:35:11 INFO  CompressedOsmParser:32 - Buffered reader for file created successfully...
2022-02-28 20:35:11 INFO  CompressedOsmParser:40 - Processing file...
2022-02-28 20:35:11 INFO  CompressedOsmParser:42 - StAX processor for file created successfully...
2022-02-28 20:35:11 INFO  CompressedOsmParser:43 - Going through XML...
2022-02-28 20:35:50 INFO  CompressedOsmParser:56 - Processing is finished. Printing sorted result...
2022-02-28 20:35:50 INFO  CompressedOsmParser:79 - xscvxc - 2005981
2022-02-28 20:35:50 INFO  CompressedOsmParser:79 - Miroff - 560406
2022-02-28 20:35:50 INFO  CompressedOsmParser:79 - siberiano - 436871
2022-02-28 20:35:50 INFO  CompressedOsmParser:79 - msergeyv100 - 286077
2022-02-28 20:35:50 INFO  CompressedOsmParser:79 - vitstud54 - 117949
2022-02-28 20:35:50 INFO  CompressedOsmParser:79 - Kaylee - 99500
2022-02-28 20:35:50 INFO  CompressedOsmParser:79 - AndreySmirnov - 98787
2022-02-28 20:35:50 INFO  CompressedOsmParser:79 - whalerich - 98086
2022-02-28 20:35:50 INFO  CompressedOsmParser:79 - Pavel Melnikov - 96683
2022-02-28 20:35:50 INFO  CompressedOsmParser:79 - Sherper - 94298
2022-02-28 20:35:50 INFO  CompressedOsmParser:79 - demon_h - 83549
2022-02-28 20:35:50 INFO  CompressedOsmParser:79 - Guamo - 64595
2022-02-28 20:35:50 INFO  CompressedOsmParser:79 - A54 - 59172
2022-02-28 20:35:50 INFO  CompressedOsmParser:79 - Antonio_92 - 52103
2022-02-28 20:35:50 INFO  CompressedOsmParser:79 - koSS_Rus - 44290
2022-02-28 20:35:50 INFO  CompressedOsmParser:79 - oo-O-oo - 42530
2022-02-28 20:35:50 INFO  CompressedOsmParser:79 - ONT - 41282
2022-02-28 20:35:50 INFO  CompressedOsmParser:79 - Magomogo - 40057
2022-02-28 20:35:50 INFO  CompressedOsmParser:79 - yohanson - 32302
2022-02-28 20:35:50 INFO  CompressedOsmParser:79 - alex_hitman - 27042
2022-02-28 20:35:50 INFO  CompressedOsmParser:79 - mike_lyulyukin - 26618
2022-02-28 20:35:50 INFO  CompressedOsmParser:79 - maximaximax - 26484
2022-02-28 20:35:50 INFO  CompressedOsmParser:79 - –ì–µ–æ–≥—Ä–∞—Ñ - 25685
2022-02-28 20:35:50 INFO  CompressedOsmParser:79 - velonavt - 24863
2022-02-28 20:35:50 INFO  CompressedOsmParser:79 - MAS - 21969
2022-02-28 20:35:50 INFO  CompressedOsmParser:79 - rockcreek - 20626
2022-02-28 20:35:50 INFO  CompressedOsmParser:79 - –ü–∞–≤–µ–ª –Ø—Ä–∏–Ω—é–∫ - 20197
2022-02-28 20:35:50 INFO  CompressedOsmParser:79 - VlIvYur - 19264
2022-02-28 20:35:50 INFO  CompressedOsmParser:79 - katpatuka - 18049
2022-02-28 20:35:50 INFO  CompressedOsmParser:79 - Nikolaev - 17004
2022-02-28 20:35:50 INFO  CompressedOsmParser:79 - ilya3l - 16177
2022-02-28 20:35:50 INFO  CompressedOsmParser:79 - pruosm - 14968
2022-02-28 20:35:50 INFO  CompressedOsmParser:79 - ImmortAlex - 13317
2022-02-28 20:35:50 INFO  CompressedOsmParser:79 - Ratty - 12513
2022-02-28 20:35:50 INFO  CompressedOsmParser:79 - serhod - 12437
2022-02-28 20:35:50 INFO  CompressedOsmParser:79 - afonin - 12368
2022-02-28 20:35:50 INFO  CompressedOsmParser:79 - ThaJk - 11920
2022-02-28 20:35:50 INFO  CompressedOsmParser:79 - vanomel - 11103
2022-02-28 20:35:50 INFO  CompressedOsmParser:79 - Karaban2008 - 10728
2022-02-28 20:35:50 INFO  CompressedOsmParser:79 - andrewK - 10011
2022-02-28 20:35:50 INFO  CompressedOsmParser:79 - malic - 10003
2022-02-28 20:35:50 INFO  CompressedOsmParser:79 - –ë–∞—Å–º–∞—á - 9446
2022-02-28 20:35:50 INFO  CompressedOsmParser:79 - vanchester - 6419
2022-02-28 20:35:50 INFO  CompressedOsmParser:79 - SunWind1076 - 6053
2022-02-28 20:35:50 INFO  CompressedOsmParser:79 - PARKER1979 - 5820
2022-02-28 20:35:50 INFO  CompressedOsmParser:79 - Vodila_55 - 5513
2022-02-28 20:35:50 INFO  CompressedOsmParser:79 - Takuto - 5323
2022-02-28 20:35:50 INFO  CompressedOsmParser:79 - usama - 5286
2022-02-28 20:35:50 INFO  CompressedOsmParser:79 - ordorub - 5230
2022-02-28 20:35:50 INFO  CompressedOsmParser:79 - Shtirlits - 4642
2022-02-28 20:35:50 INFO  CompressedOsmParser:79 - Fenuks - 4537
2022-02-28 20:35:50 INFO  CompressedOsmParser:79 - –û—à–∫—É–π - 4528
2022-02-28 20:35:50 INFO  CompressedOsmParser:79 - Z440 - 4523
2022-02-28 20:35:50 INFO  CompressedOsmParser:79 - F1ex - 4499
2022-02-28 20:35:50 INFO  CompressedOsmParser:79 - Anatoli - 4441
2022-02-28 20:35:50 INFO  CompressedOsmParser:79 - markonspbkem - 4292
2022-02-28 20:35:50 INFO  CompressedOsmParser:79 - max041 - 4292
2022-02-28 20:35:50 INFO  CompressedOsmParser:79 - Sergey_Dzhagov - 4202
2022-02-28 20:35:50 INFO  CompressedOsmParser:79 - Kuprienko_Viktor - 4185
2022-02-28 20:35:50 INFO  CompressedOsmParser:79 - Aleksandr Dezhin - 4029
2022-02-28 20:35:50 INFO  CompressedOsmParser:79 - zebooka - 3915
2022-02-28 20:35:50 INFO  CompressedOsmParser:79 - GreedyGhost - 3775
2022-02-28 20:35:50 INFO  CompressedOsmParser:79 - titanlis - 3678
2022-02-28 20:35:50 INFO  CompressedOsmParser:79 - alex_k1 - 3662
2022-02-28 20:35:50 INFO  CompressedOsmParser:79 - orb04 - 3648
2022-02-28 20:35:50 INFO  CompressedOsmParser:79 - kimol - 3583
2022-02-28 20:35:50 INFO  CompressedOsmParser:79 - ghelius - 3450
2022-02-28 20:35:50 INFO  CompressedOsmParser:79 - CrazyViny - 2986
2022-02-28 20:35:50 INFO  CompressedOsmParser:79 - Upliner - 2936
2022-02-28 20:35:50 INFO  CompressedOsmParser:79 - Gde-ja - 2891
2022-02-28 20:35:50 INFO  CompressedOsmParser:79 - Artamonovserg - 2841
2022-02-28 20:35:50 INFO  CompressedOsmParser:79 - Sergey N - 2692
2022-02-28 20:35:50 INFO  CompressedOsmParser:79 - Sasha_belok - 2577
2022-02-28 20:35:50 INFO  CompressedOsmParser:79 - Stroger - 2496
2022-02-28 20:35:50 INFO  CompressedOsmParser:79 - dimryb - 2487
2022-02-28 20:35:50 INFO  CompressedOsmParser:79 - zynsk - 2260
2022-02-28 20:35:50 INFO  CompressedOsmParser:79 - te_mark - 2248
2022-02-28 20:35:50 INFO  CompressedOsmParser:79 - Brait - 2076
2022-02-28 20:35:50 INFO  CompressedOsmParser:79 - MichaelCollinson - 2064
2022-02-28 20:35:50 INFO  CompressedOsmParser:79 - OldIvantey - 1817
2022-02-28 20:35:50 INFO  CompressedOsmParser:79 - lmaximov - 1738
2022-02-28 20:35:50 INFO  CompressedOsmParser:79 - Dharma-ae - 1731
2022-02-28 20:35:50 INFO  CompressedOsmParser:79 - –í–∏—Ç–∞–ª–∏–π –ú–∞—Ö–Ω–æ - 1639
2022-02-28 20:35:50 INFO  CompressedOsmParser:79 - v-ozersk - 1637
2022-02-28 20:35:50 INFO  CompressedOsmParser:79 - MrYadro - 1602
2022-02-28 20:35:50 INFO  CompressedOsmParser:79 - Vlad2011_2011 - 1519
2022-02-28 20:35:50 INFO  CompressedOsmParser:79 - pankdm - 1512
2022-02-28 20:35:50 INFO  CompressedOsmParser:79 - bs1980 - 1508
2022-02-28 20:35:50 INFO  CompressedOsmParser:79 - Jake Strine - 1461
2022-02-28 20:35:50 INFO  CompressedOsmParser:79 - iWowik - 1430
2022-02-28 20:35:50 INFO  CompressedOsmParser:79 - Inego - 1310
2022-02-28 20:35:50 INFO  CompressedOsmParser:79 - IVM - 1308
2022-02-28 20:35:50 INFO  CompressedOsmParser:79 - Spol81 - 1298
2022-02-28 20:35:50 INFO  CompressedOsmParser:79 - Xmypblu - 1279
2022-02-28 20:35:50 INFO  CompressedOsmParser:79 - test67 - 1279
2022-02-28 20:35:50 INFO  CompressedOsmParser:79 - Mob!us - 1254
2022-02-28 20:35:50 INFO  CompressedOsmParser:79 - –ú–∞–∫—Å–∏–º–ì–∞–≤—Ä–æ–Ω–∏–Ω - 1226
2022-02-28 20:35:50 INFO  CompressedOsmParser:79 - ffk - 1188
2022-02-28 20:35:50 INFO  CompressedOsmParser:79 - Kom—èpa - 1175
2022-02-28 20:35:50 INFO  CompressedOsmParser:79 - –≠—Ü–µ–ª–æ–ø - 1124
2022-02-28 20:35:50 INFO  CompressedOsmParser:79 - Kostik - 1112
2022-02-28 20:35:50 INFO  CompressedOsmParser:79 - Slau - 1092
2022-02-28 20:35:50 INFO  CompressedOsmParser:79 - Cronium - 1018
2022-02-28 20:35:50 INFO  CompressedOsmParser:79 - AMDmi3 - 1009
2022-02-28 20:35:50 INFO  CompressedOsmParser:79 - old_Bibigon - 983
2022-02-28 20:35:50 INFO  CompressedOsmParser:79 - Kosyak - 945
2022-02-28 20:35:50 INFO  CompressedOsmParser:79 - OldStar - 938
2022-02-28 20:35:50 INFO  CompressedOsmParser:79 - axtom - 934
2022-02-28 20:35:50 INFO  CompressedOsmParser:79 - Igor Reshta - 932
2022-02-28 20:35:50 INFO  CompressedOsmParser:79 - dndred - 918
2022-02-28 20:35:50 INFO  CompressedOsmParser:79 - SolTomsk1 - 916
2022-02-28 20:35:50 INFO  CompressedOsmParser:79 - progserega - 916
2022-02-28 20:35:50 INFO  CompressedOsmParser:79 - RSergei - 903
2022-02-28 20:35:50 INFO  CompressedOsmParser:79 - Whitenight - 893
2022-02-28 20:35:50 INFO  CompressedOsmParser:79 - Stane - 865
2022-02-28 20:35:50 INFO  CompressedOsmParser:79 - donprogramist - 853
2022-02-28 20:35:50 INFO  CompressedOsmParser:79 - –ê–ª–µ–∫—Å–∞–Ω–¥—Ä –û–±–ª–∏–≤–∞–ª—å–Ω—ã–π - 806
2022-02-28 20:35:50 INFO  CompressedOsmParser:79 - Dommel5 - 765
2022-02-28 20:35:50 INFO  CompressedOsmParser:79 - apLight - 747
2022-02-28 20:35:50 INFO  CompressedOsmParser:79 - jmaks - 747
2022-02-28 20:35:50 INFO  CompressedOsmParser:79 - maa - 745
2022-02-28 20:35:50 INFO  CompressedOsmParser:79 - Angara - 742
2022-02-28 20:35:50 INFO  CompressedOsmParser:79 - denis_burij - 721
2022-02-28 20:35:50 INFO  CompressedOsmParser:79 - Dyom - 717
2022-02-28 20:35:50 INFO  CompressedOsmParser:79 - dkiselev - 709
2022-02-28 20:35:50 INFO  CompressedOsmParser:79 - demon1981 - 707
2022-02-28 20:35:50 INFO  CompressedOsmParser:79 - layt - 704
2022-02-28 20:35:50 INFO  CompressedOsmParser:79 - –ê–Ω–¥—Ä–µ–π –î—É–Ω–∞–µ–≤ - 691
2022-02-28 20:35:50 INFO  CompressedOsmParser:79 - Golovco Anatolie - 688
2022-02-28 20:35:50 INFO  CompressedOsmParser:79 - literan - 667
2022-02-28 20:35:50 INFO  CompressedOsmParser:79 - LeonidDemidow - 662
2022-02-28 20:35:50 INFO  CompressedOsmParser:79 - Baris17 - 661
2022-02-28 20:35:50 INFO  CompressedOsmParser:79 - Yurez_nsk - 658
2022-02-28 20:35:50 INFO  CompressedOsmParser:79 - Silver87 - 651
2022-02-28 20:35:50 INFO  CompressedOsmParser:79 - AleXanDeR_G - 648
2022-02-28 20:35:50 INFO  CompressedOsmParser:79 - Nucleardragon - 643
2022-02-28 20:35:50 INFO  CompressedOsmParser:79 - toyotagps - 615
2022-02-28 20:35:50 INFO  CompressedOsmParser:79 - mesousa - 597
2022-02-28 20:35:50 INFO  CompressedOsmParser:79 - Aleksey Ovchinnikov - 594
2022-02-28 20:35:50 INFO  CompressedOsmParser:79 - telefonist - 593
2022-02-28 20:35:50 INFO  CompressedOsmParser:79 - rogallic - 586
2022-02-28 20:35:50 INFO  CompressedOsmParser:79 - telec121 - 566
2022-02-28 20:35:50 INFO  CompressedOsmParser:79 - DmitrySA - 564
2022-02-28 20:35:50 INFO  CompressedOsmParser:79 - 54navi - 554
2022-02-28 20:35:50 INFO  CompressedOsmParser:79 - guggis - 553
2022-02-28 20:35:50 INFO  CompressedOsmParser:79 - Zhivin - 551
2022-02-28 20:35:50 INFO  CompressedOsmParser:79 - alex_iz_novosiba - 544
2022-02-28 20:35:50 INFO  CompressedOsmParser:79 - veslav - 521
2022-02-28 20:35:50 INFO  CompressedOsmParser:79 - iPhonin - 514
2022-02-28 20:35:50 INFO  CompressedOsmParser:79 - devo4ka-napilnik - 503
2022-02-28 20:35:50 INFO  CompressedOsmParser:79 - UMA - 494
2022-02-28 20:35:50 INFO  CompressedOsmParser:79 - Angry Lizard - 491
2022-02-28 20:35:50 INFO  CompressedOsmParser:79 - dfcz55-73 - 490
2022-02-28 20:35:50 INFO  CompressedOsmParser:79 - ogion76 - 465
2022-02-28 20:35:50 INFO  CompressedOsmParser:79 - sersilin - 456
2022-02-28 20:35:50 INFO  CompressedOsmParser:79 - olegta - 451
2022-02-28 20:35:50 INFO  CompressedOsmParser:79 - ivan-ivanych - 451
2022-02-28 20:35:50 INFO  CompressedOsmParser:79 - shrk - 450
2022-02-28 20:35:50 INFO  CompressedOsmParser:79 - Alexey - 447
2022-02-28 20:35:50 INFO  CompressedOsmParser:79 - yandobrov - 443
2022-02-28 20:35:50 INFO  CompressedOsmParser:79 - DDD5 - 433
2022-02-28 20:35:50 INFO  CompressedOsmParser:79 - Pavel_Ku - 394
2022-02-28 20:35:50 INFO  CompressedOsmParser:79 - dfcz55 - 383
2022-02-28 20:35:50 INFO  CompressedOsmParser:79 - bayl - 380
2022-02-28 20:35:50 INFO  CompressedOsmParser:79 - alexmak - 374
2022-02-28 20:35:50 INFO  CompressedOsmParser:79 - Mars_Bogdanow - 371
2022-02-28 20:35:50 INFO  CompressedOsmParser:79 - Byrbl - 369
2022-02-28 20:35:50 INFO  CompressedOsmParser:79 - orionll - 360
2022-02-28 20:35:50 INFO  CompressedOsmParser:79 - vezneves1 - 350
2022-02-28 20:35:50 INFO  CompressedOsmParser:79 - kir - 349
2022-02-28 20:35:50 INFO  CompressedOsmParser:79 - parukhin - 349
2022-02-28 20:35:50 INFO  CompressedOsmParser:79 - pavel_vv - 344
2022-02-28 20:35:50 INFO  CompressedOsmParser:79 - LLlypuk82 - 335
2022-02-28 20:35:50 INFO  CompressedOsmParser:79 - lifeslider - 334
2022-02-28 20:35:50 INFO  CompressedOsmParser:79 - chilin - 333
2022-02-28 20:35:50 INFO  CompressedOsmParser:79 - Fuse100A - 332
2022-02-28 20:35:50 INFO  CompressedOsmParser:79 - sefas - 329
2022-02-28 20:35:50 INFO  CompressedOsmParser:79 - Karemater - 326
2022-02-28 20:35:50 INFO  CompressedOsmParser:79 - Victor Kachesov - 320
2022-02-28 20:35:50 INFO  CompressedOsmParser:79 - w23 - 313
2022-02-28 20:35:50 INFO  CompressedOsmParser:79 - Maarten Deen - 311
2022-02-28 20:35:50 INFO  CompressedOsmParser:79 - Stalker61 - 303
2022-02-28 20:35:50 INFO  CompressedOsmParser:79 - Alexander Leschinsky - 303
2022-02-28 20:35:50 INFO  CompressedOsmParser:79 - rrv - 299
2022-02-28 20:35:50 INFO  CompressedOsmParser:79 - LexIgnatov - 295
2022-02-28 20:35:50 INFO  CompressedOsmParser:79 - Scaurr0ck - 292
2022-02-28 20:35:50 INFO  CompressedOsmParser:79 - Maxim_NSK - 289
2022-02-28 20:35:50 INFO  CompressedOsmParser:79 - andrean_ - 288
2022-02-28 20:35:50 INFO  CompressedOsmParser:79 - Ramir - 287
2022-02-28 20:35:50 INFO  CompressedOsmParser:79 - Yuri Zimin - 284
2022-02-28 20:35:50 INFO  CompressedOsmParser:79 - Xray2 - 279
2022-02-28 20:35:50 INFO  CompressedOsmParser:79 - keepright! er - 276
2022-02-28 20:35:50 INFO  CompressedOsmParser:79 - Greensk - 275
2022-02-28 20:35:50 INFO  CompressedOsmParser:79 - –ë—É–∫–∏–Ω - 275
2022-02-28 20:35:50 INFO  CompressedOsmParser:79 - aleksey777 - 273
2022-02-28 20:35:50 INFO  CompressedOsmParser:79 - –ê–π–≥–∞–Ω - 269
2022-02-28 20:35:50 INFO  CompressedOsmParser:79 - mkolomeitsev - 268
2022-02-28 20:35:50 INFO  CompressedOsmParser:79 - doga - 266
2022-02-28 20:35:50 INFO  CompressedOsmParser:79 - KartaBY - 256
2022-02-28 20:35:50 INFO  CompressedOsmParser:79 - Dmitry Y - 244
2022-02-28 20:35:50 INFO  CompressedOsmParser:79 - –§–µ–¥–æ—Å–æ–≤ –°–µ—Ä–≥–µ–π - 233
2022-02-28 20:35:50 INFO  CompressedOsmParser:79 - chnav - 231
2022-02-28 20:35:50 INFO  CompressedOsmParser:79 - Andrej293 - 225
2022-02-28 20:35:50 INFO  CompressedOsmParser:79 - Egor Kalinovsky - 213
2022-02-28 20:35:50 INFO  CompressedOsmParser:79 - Andrey Astrakhanzev - 212
2022-02-28 20:35:50 INFO  CompressedOsmParser:79 - Lazarevsk - 203
2022-02-28 20:35:50 INFO  CompressedOsmParser:79 - _VAsek_ - 202
2022-02-28 20:35:50 INFO  CompressedOsmParser:79 - Dimcus - 202
2022-02-28 20:35:50 INFO  CompressedOsmParser:79 - polemiker10 - 199
2022-02-28 20:35:50 INFO  CompressedOsmParser:79 - brlumen - 194
2022-02-28 20:35:50 INFO  CompressedOsmParser:79 - –ê–ª–µ–∫—Å812 - 186
2022-02-28 20:35:50 INFO  CompressedOsmParser:79 - s1eepwa1ker - 184
2022-02-28 20:35:50 INFO  CompressedOsmParser:79 - Runich - 181
2022-02-28 20:35:50 INFO  CompressedOsmParser:79 - dostalker - 175
2022-02-28 20:35:50 INFO  CompressedOsmParser:79 - Serguei Dukachev - 173
2022-02-28 20:35:50 INFO  CompressedOsmParser:79 - tony-k - 170
2022-02-28 20:35:50 INFO  CompressedOsmParser:79 - AduchiMergen - 166
2022-02-28 20:35:50 INFO  CompressedOsmParser:79 - alienchita - 164
2022-02-28 20:35:50 INFO  CompressedOsmParser:79 - glebius - 161
2022-02-28 20:35:50 INFO  CompressedOsmParser:79 - Fox_sibirsky - 161
2022-02-28 20:35:50 INFO  CompressedOsmParser:79 - mit3612 - 155
2022-02-28 20:35:50 INFO  CompressedOsmParser:79 - Larchen - 153
2022-02-28 20:35:50 INFO  CompressedOsmParser:79 - Dmanys - 152
2022-02-28 20:35:50 INFO  CompressedOsmParser:79 - dannykath - 151
2022-02-28 20:35:50 INFO  CompressedOsmParser:79 - FvGordon - 149
2022-02-28 20:35:50 INFO  CompressedOsmParser:79 - tav - 149
2022-02-28 20:35:50 INFO  CompressedOsmParser:79 - Premer - 148
2022-02-28 20:35:50 INFO  CompressedOsmParser:79 - Kudr - 147
2022-02-28 20:35:50 INFO  CompressedOsmParser:79 - Ed_MSL - 146
2022-02-28 20:35:50 INFO  CompressedOsmParser:79 - altsky - 146
2022-02-28 20:35:50 INFO  CompressedOsmParser:79 - OSMF Redaction Account - 144
2022-02-28 20:35:50 INFO  CompressedOsmParser:79 - wicked - 144
2022-02-28 20:35:50 INFO  CompressedOsmParser:79 - vomuanyd - 144
2022-02-28 20:35:50 INFO  CompressedOsmParser:79 - Strober - 142
2022-02-28 20:35:50 INFO  CompressedOsmParser:79 - TarzanASG - 142
2022-02-28 20:35:50 INFO  CompressedOsmParser:79 - Demon_NSK - 140
2022-02-28 20:35:50 INFO  CompressedOsmParser:79 - Practix - 138
2022-02-28 20:35:50 INFO  CompressedOsmParser:79 - aptala - 136
2022-02-28 20:35:50 INFO  CompressedOsmParser:79 - RymenarNsk - 135
2022-02-28 20:35:50 INFO  CompressedOsmParser:79 - ipp1963 - 134
2022-02-28 20:35:50 INFO  CompressedOsmParser:79 - –°–∞–Ω—á–µ—Å - 130
2022-02-28 20:35:50 INFO  CompressedOsmParser:79 - webart50 - 128
2022-02-28 20:35:50 INFO  CompressedOsmParser:79 - Azork - 128
2022-02-28 20:35:50 INFO  CompressedOsmParser:79 - samely - 128
2022-02-28 20:35:50 INFO  CompressedOsmParser:79 - kosmosoff - 127
2022-02-28 20:35:50 INFO  CompressedOsmParser:79 - Brom - 126
2022-02-28 20:35:50 INFO  CompressedOsmParser:79 - antonpa - 126
2022-02-28 20:35:50 INFO  CompressedOsmParser:79 - werner2101 - 126
2022-02-28 20:35:50 INFO  CompressedOsmParser:79 - DerLeere - 121
2022-02-28 20:35:50 INFO  CompressedOsmParser:79 - gao - 121
2022-02-28 20:35:50 INFO  CompressedOsmParser:79 - Constantin1913 - 120
2022-02-28 20:35:50 INFO  CompressedOsmParser:79 - Nicolai - 117
2022-02-28 20:35:50 INFO  CompressedOsmParser:79 - soumrachnij - 114
2022-02-28 20:35:50 INFO  CompressedOsmParser:79 - Helmchen42 - 112
2022-02-28 20:35:50 INFO  CompressedOsmParser:79 - Alexander Svidcehnkov - 111
2022-02-28 20:35:50 INFO  CompressedOsmParser:79 - box_911 - 111
2022-02-28 20:35:50 INFO  CompressedOsmParser:79 - ivn64 - 109
2022-02-28 20:35:50 INFO  CompressedOsmParser:79 - wawont - 108
2022-02-28 20:35:50 INFO  CompressedOsmParser:79 - xakpc - 106
2022-02-28 20:35:50 INFO  CompressedOsmParser:79 - Ruffian - 105
2022-02-28 20:35:50 INFO  CompressedOsmParser:79 - Citibiker - 104
2022-02-28 20:35:50 INFO  CompressedOsmParser:79 - Sergey001 - 104
2022-02-28 20:35:50 INFO  CompressedOsmParser:79 - –ë–µ–ª–æ–º–∏—Ä - 101
2022-02-28 20:35:50 INFO  CompressedOsmParser:79 - Voldemar0 - 97
2022-02-28 20:35:50 INFO  CompressedOsmParser:79 - Akela710 - 96
2022-02-28 20:35:50 INFO  CompressedOsmParser:79 - vGross - 95
2022-02-28 20:35:50 INFO  CompressedOsmParser:79 - Max Vasilev - 95
2022-02-28 20:35:50 INFO  CompressedOsmParser:79 - Evrozvuk - 94
2022-02-28 20:35:50 INFO  CompressedOsmParser:79 - dedok - 92
2022-02-28 20:35:50 INFO  CompressedOsmParser:79 - KartaFan - 92
2022-02-28 20:35:50 INFO  CompressedOsmParser:79 - –ê–Ω–¥—Ä–µ–π –û–º–µ–ª—å—á—É–∫ - 92
2022-02-28 20:35:50 INFO  CompressedOsmParser:79 - AlRight - 87
2022-02-28 20:35:50 INFO  CompressedOsmParser:79 - koala42 - 87
2022-02-28 20:35:50 INFO  CompressedOsmParser:79 - Olta - 87
2022-02-28 20:35:50 INFO  CompressedOsmParser:79 - Skrat  nsk - 83
2022-02-28 20:35:50 INFO  CompressedOsmParser:79 - jaimemd - 83
2022-02-28 20:35:50 INFO  CompressedOsmParser:79 - Art9 - 83
2022-02-28 20:35:50 INFO  CompressedOsmParser:79 - RichRico - 82
2022-02-28 20:35:50 INFO  CompressedOsmParser:79 - johny - 81
2022-02-28 20:35:50 INFO  CompressedOsmParser:79 - greencaps - 81
2022-02-28 20:35:50 INFO  CompressedOsmParser:79 - bigalxyz123 - 81
2022-02-28 20:35:50 INFO  CompressedOsmParser:79 - agamemn - 79
2022-02-28 20:35:50 INFO  CompressedOsmParser:79 - kamondir - 79
2022-02-28 20:35:50 INFO  CompressedOsmParser:79 - sfedor - 79
2022-02-28 20:35:50 INFO  CompressedOsmParser:79 - ssv - 79
2022-02-28 20:35:50 INFO  CompressedOsmParser:79 - –ï–≤–≥–µ–Ω1991 - 78
2022-02-28 20:35:50 INFO  CompressedOsmParser:79 - Felis Pimeja - 77
2022-02-28 20:35:50 INFO  CompressedOsmParser:79 - LamerXaKer - 77
2022-02-28 20:35:50 INFO  CompressedOsmParser:79 - abel801 - 77
2022-02-28 20:35:50 INFO  CompressedOsmParser:79 - Volchara - 76
2022-02-28 20:35:50 INFO  CompressedOsmParser:79 - AliasVector - 75
2022-02-28 20:35:50 INFO  CompressedOsmParser:79 - –ó–∞–π—Ü–µ–≤–∞ –ê–ª–µ–Ω–∞ - 73
2022-02-28 20:35:50 INFO  CompressedOsmParser:79 - Silent7 - 72
2022-02-28 20:35:50 INFO  CompressedOsmParser:79 - vfjj - 72
2022-02-28 20:35:50 INFO  CompressedOsmParser:79 - Kirasir - 71
2022-02-28 20:35:50 INFO  CompressedOsmParser:79 - hsn208 - 71
2022-02-28 20:35:50 INFO  CompressedOsmParser:79 - Ansider - 70
2022-02-28 20:35:50 INFO  CompressedOsmParser:79 - m3a1 - 70
2022-02-28 20:35:50 INFO  CompressedOsmParser:79 - maxphizik - 69
2022-02-28 20:35:50 INFO  CompressedOsmParser:79 - lurlrlrl - 68
2022-02-28 20:35:50 INFO  CompressedOsmParser:79 - wd75 - 68
2022-02-28 20:35:50 INFO  CompressedOsmParser:79 - Jane4ka - 65
2022-02-28 20:35:50 INFO  CompressedOsmParser:79 - temark - 65
2022-02-28 20:35:50 INFO  CompressedOsmParser:79 - Di Anre - 65
2022-02-28 20:35:50 INFO  CompressedOsmParser:79 - Margarita24 - 64
2022-02-28 20:35:50 INFO  CompressedOsmParser:79 - Rage Sergey - 61
2022-02-28 20:35:50 INFO  CompressedOsmParser:79 - kotofos - 60
2022-02-28 20:35:50 INFO  CompressedOsmParser:79 - alexderev - 60
2022-02-28 20:35:50 INFO  CompressedOsmParser:79 - Paul Shmarev - 59
2022-02-28 20:35:50 INFO  CompressedOsmParser:79 - fubor76 - 59
2022-02-28 20:35:50 INFO  CompressedOsmParser:79 - sibwest - 59
2022-02-28 20:35:50 INFO  CompressedOsmParser:79 - –ú–∞–∫—Å - 59
2022-02-28 20:35:50 INFO  CompressedOsmParser:79 - i-l-j-a - 58
2022-02-28 20:35:50 INFO  CompressedOsmParser:79 - arcth - 57
2022-02-28 20:35:50 INFO  CompressedOsmParser:79 - esaulenka - 57
2022-02-28 20:35:50 INFO  CompressedOsmParser:79 - Wild1 - 57
2022-02-28 20:35:50 INFO  CompressedOsmParser:79 - VyacheslavS - 56
2022-02-28 20:35:50 INFO  CompressedOsmParser:79 - Den26 - 55
2022-02-28 20:35:50 INFO  CompressedOsmParser:79 - loktionov - 54
2022-02-28 20:35:50 INFO  CompressedOsmParser:79 - AntonSlusar - 53
2022-02-28 20:35:50 INFO  CompressedOsmParser:79 - icepilot - 53
2022-02-28 20:35:50 INFO  CompressedOsmParser:79 - S T - 52
2022-02-28 20:35:50 INFO  CompressedOsmParser:79 - Evgenii__K - 51
2022-02-28 20:35:50 INFO  CompressedOsmParser:79 - alexMAP - 51
2022-02-28 20:35:50 INFO  CompressedOsmParser:79 - maria159 - 50
2022-02-28 20:35:50 INFO  CompressedOsmParser:79 - Vbif - 50
2022-02-28 20:35:50 INFO  CompressedOsmParser:79 - max630 - 50
2022-02-28 20:35:50 INFO  CompressedOsmParser:79 - turula - 49
2022-02-28 20:35:50 INFO  CompressedOsmParser:79 - –í–ª–∞–¥_chip - 49
2022-02-28 20:35:50 INFO  CompressedOsmParser:79 - AnVas - 48
2022-02-28 20:35:50 INFO  CompressedOsmParser:79 - Rimdus - 47
2022-02-28 20:35:50 INFO  CompressedOsmParser:79 - VTanya - 46
2022-02-28 20:35:50 INFO  CompressedOsmParser:79 - unknown365 - 46
2022-02-28 20:35:50 INFO  CompressedOsmParser:79 - purumub - 45
2022-02-28 20:35:50 INFO  CompressedOsmParser:79 - alcm-b - 45
2022-02-28 20:35:50 INFO  CompressedOsmParser:79 - mariya-romasheva - 45
2022-02-28 20:35:50 INFO  CompressedOsmParser:79 - anton_sh - 43
2022-02-28 20:35:50 INFO  CompressedOsmParser:79 - Ensay - 42
2022-02-28 20:35:50 INFO  CompressedOsmParser:79 - emptySA - 42
2022-02-28 20:35:50 INFO  CompressedOsmParser:79 - TourenHannes - 42
2022-02-28 20:35:50 INFO  CompressedOsmParser:79 - arteam - 41
2022-02-28 20:35:50 INFO  CompressedOsmParser:79 - –ú–∏—Ö–∞–∏–ª –ë–æ—Ä–∏—Å–æ–≤ - 40
2022-02-28 20:35:50 INFO  CompressedOsmParser:79 - Nikomuro - 40
2022-02-28 20:35:50 INFO  CompressedOsmParser:79 - zSilas - 40
2022-02-28 20:35:50 INFO  CompressedOsmParser:79 - Aldorens - 40
2022-02-28 20:35:50 INFO  CompressedOsmParser:79 - AndrewTheStalker - 40
2022-02-28 20:35:50 INFO  CompressedOsmParser:79 - savage81 - 39
2022-02-28 20:35:50 INFO  CompressedOsmParser:79 - Bedouin - 38
2022-02-28 20:35:50 INFO  CompressedOsmParser:79 - Alkozin - 38
2022-02-28 20:35:50 INFO  CompressedOsmParser:79 - svtol - 38
2022-02-28 20:35:50 INFO  CompressedOsmParser:79 - T_G_K - 38
2022-02-28 20:35:50 INFO  CompressedOsmParser:79 - Vaska72 - 37
2022-02-28 20:35:50 INFO  CompressedOsmParser:79 - LaY_zzz - 37
2022-02-28 20:35:50 INFO  CompressedOsmParser:79 - Damien_Thorn - 37
2022-02-28 20:35:50 INFO  CompressedOsmParser:79 - salmin - 37
2022-02-28 20:35:50 INFO  CompressedOsmParser:79 - pol78 - 37
2022-02-28 20:35:50 INFO  CompressedOsmParser:79 - medvezhut - 36
2022-02-28 20:35:50 INFO  CompressedOsmParser:79 - Ismagilov Roman - 36
2022-02-28 20:35:50 INFO  CompressedOsmParser:79 - gsv - 36
2022-02-28 20:35:50 INFO  CompressedOsmParser:79 - h4Cx78 - 36
2022-02-28 20:35:50 INFO  CompressedOsmParser:79 - oldmen - 36
2022-02-28 20:35:50 INFO  CompressedOsmParser:79 - Rockstar - 36
2022-02-28 20:35:50 INFO  CompressedOsmParser:79 - Nikolaich - 36
2022-02-28 20:35:50 INFO  CompressedOsmParser:79 - eugennik - 36
2022-02-28 20:35:50 INFO  CompressedOsmParser:79 - vespex - 35
2022-02-28 20:35:50 INFO  CompressedOsmParser:79 - _govorilka - 35
2022-02-28 20:35:50 INFO  CompressedOsmParser:79 - Den3309 - 35
2022-02-28 20:35:50 INFO  CompressedOsmParser:79 - Karta01ru - 35
2022-02-28 20:35:50 INFO  CompressedOsmParser:79 - –ê–Ω–¥—Ä–µ–π_SwEm - 35
2022-02-28 20:35:50 INFO  CompressedOsmParser:79 - xSmit - 34
2022-02-28 20:35:50 INFO  CompressedOsmParser:79 - Alexandra Pogudina - 34
2022-02-28 20:35:50 INFO  CompressedOsmParser:79 - DuhaNsk - 34
2022-02-28 20:35:50 INFO  CompressedOsmParser:79 - qwerty51 - 33
2022-02-28 20:35:50 INFO  CompressedOsmParser:79 - Donatello - 33
2022-02-28 20:35:50 INFO  CompressedOsmParser:79 - Dimkansk - 32
2022-02-28 20:35:50 INFO  CompressedOsmParser:79 - Azor Ku - 32
2022-02-28 20:35:50 INFO  CompressedOsmParser:79 - _DR_ - 32
2022-02-28 20:35:50 INFO  CompressedOsmParser:79 - Vadim Zudkin - 32
2022-02-28 20:35:50 INFO  CompressedOsmParser:79 - ArnoldAleksandr - 31
2022-02-28 20:35:50 INFO  CompressedOsmParser:79 - MBear - 31
2022-02-28 20:35:50 INFO  CompressedOsmParser:79 - dmOx - 30
2022-02-28 20:35:50 INFO  CompressedOsmParser:79 - –ú–µ—Ö–∞–∏–ª - 30
2022-02-28 20:35:50 INFO  CompressedOsmParser:79 - Romanso - 29
2022-02-28 20:35:50 INFO  CompressedOsmParser:79 - –ú–∞—Ä–≥–∞—Ä–∏—Ç–∞ - 29
2022-02-28 20:35:50 INFO  CompressedOsmParser:79 - torovec - 29
2022-02-28 20:35:50 INFO  CompressedOsmParser:79 - Lehansk90 - 29
2022-02-28 20:35:50 INFO  CompressedOsmParser:79 - amtor47 - 29
2022-02-28 20:35:50 INFO  CompressedOsmParser:79 - svdeys - 29
2022-02-28 20:35:50 INFO  CompressedOsmParser:79 - –í–∏–∫—Ç–æ—Ä–∏—è - 29
2022-02-28 20:35:50 INFO  CompressedOsmParser:79 - ckopnuo-67 - 28
2022-02-28 20:35:50 INFO  CompressedOsmParser:79 - Denm4a1 - 28
2022-02-28 20:35:50 INFO  CompressedOsmParser:79 - fserges - 28
2022-02-28 20:35:50 INFO  CompressedOsmParser:79 - adima - 27
2022-02-28 20:35:50 INFO  CompressedOsmParser:79 - freeExec - 27
2022-02-28 20:35:50 INFO  CompressedOsmParser:79 - iDamir - 27
2022-02-28 20:35:50 INFO  CompressedOsmParser:79 - EugeneVD - 27
2022-02-28 20:35:50 INFO  CompressedOsmParser:79 - snr - 27
2022-02-28 20:35:50 INFO  CompressedOsmParser:79 - Yarroslav - 27
2022-02-28 20:35:50 INFO  CompressedOsmParser:79 - rumigu - 26
2022-02-28 20:35:50 INFO  CompressedOsmParser:79 - Badani - 26
2022-02-28 20:35:50 INFO  CompressedOsmParser:79 - –î—è–¥—è –ê–ª–µ–∫—Å - 26
2022-02-28 20:35:50 INFO  CompressedOsmParser:79 - LittlePONNY - 26
2022-02-28 20:35:50 INFO  CompressedOsmParser:79 - den0508 - 25
2022-02-28 20:35:50 INFO  CompressedOsmParser:79 - Pavel1377 - 25
2022-02-28 20:35:50 INFO  CompressedOsmParser:79 - CAHbKA-IV - 25
2022-02-28 20:35:50 INFO  CompressedOsmParser:79 - esperu - 25
2022-02-28 20:35:50 INFO  CompressedOsmParser:79 - –ê–Ω–Ω—ç—Ç–∏–∫ - 25
2022-02-28 20:35:50 INFO  CompressedOsmParser:79 - woodpeck_repair - 25
2022-02-28 20:35:50 INFO  CompressedOsmParser:79 - raf_gps - 25
2022-02-28 20:35:50 INFO  CompressedOsmParser:79 - staytuned - 25
2022-02-28 20:35:50 INFO  CompressedOsmParser:79 - Koljan87 - 25
2022-02-28 20:35:50 INFO  CompressedOsmParser:79 - Dmitry Olyenyov - 24
2022-02-28 20:35:50 INFO  CompressedOsmParser:79 - Juli-li - 24
2022-02-28 20:35:50 INFO  CompressedOsmParser:79 - axelr - 23
2022-02-28 20:35:50 INFO  CompressedOsmParser:79 - rip - 23
2022-02-28 20:35:50 INFO  CompressedOsmParser:79 - easmik - 23
2022-02-28 20:35:50 INFO  CompressedOsmParser:79 - Freem - 23
2022-02-28 20:35:50 INFO  CompressedOsmParser:79 - gabenok - 23
2022-02-28 20:35:50 INFO  CompressedOsmParser:79 - solomax - 23
2022-02-28 20:35:50 INFO  CompressedOsmParser:79 - SergeyNSK - 22
2022-02-28 20:35:50 INFO  CompressedOsmParser:79 - Dimokpower - 22
2022-02-28 20:35:50 INFO  CompressedOsmParser:79 - stellz - 22
2022-02-28 20:35:50 INFO  CompressedOsmParser:79 - supremevil - 22
2022-02-28 20:35:50 INFO  CompressedOsmParser:79 - kremlao - 22
2022-02-28 20:35:50 INFO  CompressedOsmParser:79 - yalfhg - 22
2022-02-28 20:35:50 INFO  CompressedOsmParser:79 - rbuch703 - 22
2022-02-28 20:35:50 INFO  CompressedOsmParser:79 - RomanZar - 22
2022-02-28 20:35:50 INFO  CompressedOsmParser:79 - –∫–∞–º–∏–∫–∞–¥–∑–µ - 22
2022-02-28 20:35:50 INFO  CompressedOsmParser:79 - kupino-cck - 21
2022-02-28 20:35:50 INFO  CompressedOsmParser:79 - fernando_67 - 21
2022-02-28 20:35:50 INFO  CompressedOsmParser:79 - ~Grek~ - 21
2022-02-28 20:35:50 INFO  CompressedOsmParser:79 - zqax - 20
2022-02-28 20:35:50 INFO  CompressedOsmParser:79 - Bulldouzer - 20
2022-02-28 20:35:50 INFO  CompressedOsmParser:79 - Micogen - 20
2022-02-28 20:35:50 INFO  CompressedOsmParser:79 - KsushKA - 20
2022-02-28 20:35:50 INFO  CompressedOsmParser:79 - redopium - 20
2022-02-28 20:35:50 INFO  CompressedOsmParser:79 - pyadov - 19
2022-02-28 20:35:50 INFO  CompressedOsmParser:79 - Alexiofx - 19
2022-02-28 20:35:50 INFO  CompressedOsmParser:79 - –û–ª—å–≥–∞26 - 19
2022-02-28 20:35:50 INFO  CompressedOsmParser:79 - Exella - 19
2022-02-28 20:35:50 INFO  CompressedOsmParser:79 - Wol1981 - 18
2022-02-28 20:35:50 INFO  CompressedOsmParser:79 - Nesmero - 18
2022-02-28 20:35:50 INFO  CompressedOsmParser:79 - hazardm - 18
2022-02-28 20:35:50 INFO  CompressedOsmParser:79 - Mir76 - 18
2022-02-28 20:35:50 INFO  CompressedOsmParser:79 - –ê–ª–∏–Ω–∞ –†—é–º—à–∏–Ω–∞ - 18
2022-02-28 20:35:50 INFO  CompressedOsmParser:79 - Kanieva_Maria - 17
2022-02-28 20:35:50 INFO  CompressedOsmParser:79 - PA94 - 17
2022-02-28 20:35:50 INFO  CompressedOsmParser:79 - Zhulik - 17
2022-02-28 20:35:50 INFO  CompressedOsmParser:79 - Kostya8792 - 16
2022-02-28 20:35:50 INFO  CompressedOsmParser:79 - Fortress - 16
2022-02-28 20:35:50 INFO  CompressedOsmParser:79 - MockuT - 15
2022-02-28 20:35:50 INFO  CompressedOsmParser:79 - Andreevdp - 15
2022-02-28 20:35:50 INFO  CompressedOsmParser:79 - andrewry - 15
2022-02-28 20:35:50 INFO  CompressedOsmParser:79 - elazarev - 15
2022-02-28 20:35:50 INFO  CompressedOsmParser:79 - SuperJet59rus - 15
2022-02-28 20:35:50 INFO  CompressedOsmParser:79 - XaE - 15
2022-02-28 20:35:50 INFO  CompressedOsmParser:79 - Karahagen - 15
2022-02-28 20:35:50 INFO  CompressedOsmParser:79 - mad_sanity - 15
2022-02-28 20:35:50 INFO  CompressedOsmParser:79 - –†–æ–º–∞–Ω–µ–Ω–∫–æ –°–æ—Ñ–∏—è - 14
2022-02-28 20:35:50 INFO  CompressedOsmParser:79 - Ordin - 14
2022-02-28 20:35:50 INFO  CompressedOsmParser:79 - AxiS - 14
2022-02-28 20:35:50 INFO  CompressedOsmParser:79 - baks72 - 14
2022-02-28 20:35:50 INFO  CompressedOsmParser:79 - novodim - 14
2022-02-28 20:35:50 INFO  CompressedOsmParser:79 - KonoSV - 14
2022-02-28 20:35:50 INFO  CompressedOsmParser:79 - Andrei Polushin - 14
2022-02-28 20:35:50 INFO  CompressedOsmParser:79 - –õ–∞—Ä–∏—Å–∞ –ù–∞—Å—ã—Ä–æ–≤–∞ - 14
2022-02-28 20:35:50 INFO  CompressedOsmParser:79 - M I‚Ä†I S - 14
2022-02-28 20:35:50 INFO  CompressedOsmParser:79 - –ï–ª–µ–Ω–∞123456789 - 14
2022-02-28 20:35:50 INFO  CompressedOsmParser:79 - Just55 - 13
2022-02-28 20:35:50 INFO  CompressedOsmParser:79 - patashnik - 13
2022-02-28 20:35:50 INFO  CompressedOsmParser:79 - bober953 - 13
2022-02-28 20:35:50 INFO  CompressedOsmParser:79 - Estetic Service - 13
2022-02-28 20:35:50 INFO  CompressedOsmParser:79 - osm-kazakhstan - 13
2022-02-28 20:35:50 INFO  CompressedOsmParser:79 - Peter Suvorov - 13
2022-02-28 20:35:50 INFO  CompressedOsmParser:79 - IqRus - 12
2022-02-28 20:35:50 INFO  CompressedOsmParser:79 - maynich - 12
2022-02-28 20:35:50 INFO  CompressedOsmParser:79 - Axill - 12
2022-02-28 20:35:50 INFO  CompressedOsmParser:79 - Eugene Bogoyavlensky - 12
2022-02-28 20:35:50 INFO  CompressedOsmParser:79 - FaveOfTheSun - 12
2022-02-28 20:35:50 INFO  CompressedOsmParser:79 - ullus - 12
2022-02-28 20:35:50 INFO  CompressedOsmParser:79 - Uzhur - 12
2022-02-28 20:35:50 INFO  CompressedOsmParser:79 - develmax - 12
2022-02-28 20:35:50 INFO  CompressedOsmParser:79 - nafania - 12
2022-02-28 20:35:50 INFO  CompressedOsmParser:79 - demonlord32 - 11
2022-02-28 20:35:50 INFO  CompressedOsmParser:79 - birkoff - 11
2022-02-28 20:35:50 INFO  CompressedOsmParser:79 - serj02 - 11
2022-02-28 20:35:50 INFO  CompressedOsmParser:79 - gadina - 11
2022-02-28 20:35:50 INFO  CompressedOsmParser:79 - Opeckun - 11
2022-02-28 20:35:50 INFO  CompressedOsmParser:79 - calfarome - 11
2022-02-28 20:35:50 INFO  CompressedOsmParser:79 - –ê–ª–µ–∫—Å–∞–Ω–¥—Ä –ê–ª–µ–∫—Å–∞–Ω–¥—Ä–æ–≤–∏—á - 11
2022-02-28 20:35:50 INFO  CompressedOsmParser:79 - w(HiT)e - 11
2022-02-28 20:35:50 INFO  CompressedOsmParser:79 - freietonne-db - 11
2022-02-28 20:35:50 INFO  CompressedOsmParser:79 - xybot - 11
2022-02-28 20:35:50 INFO  CompressedOsmParser:79 - Alexey Sirotkin - 11
2022-02-28 20:35:50 INFO  CompressedOsmParser:79 - x86128 - 11
2022-02-28 20:35:50 INFO  CompressedOsmParser:79 - –®—É—Ä–∫–∞ - 11
2022-02-28 20:35:50 INFO  CompressedOsmParser:79 - –?–ª—å—è –£—Å–µ–Ω–∫–æ - 10
2022-02-28 20:35:50 INFO  CompressedOsmParser:79 - Sirozha - 10
2022-02-28 20:35:50 INFO  CompressedOsmParser:79 - –ê–Ω–¥—Ä–µ–π2013 - 10
2022-02-28 20:35:50 INFO  CompressedOsmParser:79 - Striker2000 - 10
2022-02-28 20:35:50 INFO  CompressedOsmParser:79 - MaxS - 10
2022-02-28 20:35:50 INFO  CompressedOsmParser:79 - Sekt¬Æ - 10
2022-02-28 20:35:50 INFO  CompressedOsmParser:79 - Al6ka - 10
2022-02-28 20:35:50 INFO  CompressedOsmParser:79 - Chekotryas - 10
2022-02-28 20:35:50 INFO  CompressedOsmParser:79 - GoodOk - 10
2022-02-28 20:35:50 INFO  CompressedOsmParser:79 - aos1986 - 10
2022-02-28 20:35:50 INFO  CompressedOsmParser:79 - Eugene Muzychenko - 10
2022-02-28 20:35:50 INFO  CompressedOsmParser:79 - guest - 9
2022-02-28 20:35:50 INFO  CompressedOsmParser:79 - leonet - 9
2022-02-28 20:35:50 INFO  CompressedOsmParser:79 - SVA - 9
2022-02-28 20:35:50 INFO  CompressedOsmParser:79 - Gluk02 - 9
2022-02-28 20:35:50 INFO  CompressedOsmParser:79 - pilat - 9
2022-02-28 20:35:50 INFO  CompressedOsmParser:79 - MakcuM_1984 - 9
2022-02-28 20:35:50 INFO  CompressedOsmParser:79 - –ú–∏—Ö–∞–∏–ª –ù–æ–≤–∏–∫–æ–≤ - 9
2022-02-28 20:35:50 INFO  CompressedOsmParser:79 - gamma-aspirin - 9
2022-02-28 20:35:50 INFO  CompressedOsmParser:79 - serge_vl - 8
2022-02-28 20:35:50 INFO  CompressedOsmParser:79 - PlasmaGAN - 8
2022-02-28 20:35:50 INFO  CompressedOsmParser:79 - Detonator - 8
2022-02-28 20:35:50 INFO  CompressedOsmParser:79 - –í–æ–ª–æ–¥—è71 - 8
2022-02-28 20:35:50 INFO  CompressedOsmParser:79 - Vvs2 - 8
2022-02-28 20:35:50 INFO  CompressedOsmParser:79 - –ö—Å–µ–Ω–∏—è–≠–ë–ê - 8
2022-02-28 20:35:50 INFO  CompressedOsmParser:79 - VadimZ - 8
2022-02-28 20:35:50 INFO  CompressedOsmParser:79 - Storm-Sli - 8
2022-02-28 20:35:50 INFO  CompressedOsmParser:79 - 2008vit - 8
2022-02-28 20:35:50 INFO  CompressedOsmParser:79 - Mogamashina - 8
2022-02-28 20:35:50 INFO  CompressedOsmParser:79 - –ê–Ω–∞—Å—Ç–∞—Å–∏—è –°–µ—Ä–≥–µ–µ–≤–Ω–∞ - 8
2022-02-28 20:35:50 INFO  CompressedOsmParser:79 - Lyubchenko Denis - 8
2022-02-28 20:35:50 INFO  CompressedOsmParser:79 - –§—É—Ä–º–∞–Ω–æ–≤ - 8
2022-02-28 20:35:50 INFO  CompressedOsmParser:79 - Vadim Ippolitov - 8
2022-02-28 20:35:50 INFO  CompressedOsmParser:79 - drewy - 8
2022-02-28 20:35:50 INFO  CompressedOsmParser:79 - Anton Dessiatov - 8
2022-02-28 20:35:50 INFO  CompressedOsmParser:79 - Paspartu - 8
2022-02-28 20:35:50 INFO  CompressedOsmParser:79 - Shonchalay - 8
2022-02-28 20:35:50 INFO  CompressedOsmParser:79 - GT21 - 8
2022-02-28 20:35:50 INFO  CompressedOsmParser:79 - lks1 - 8
2022-02-28 20:35:50 INFO  CompressedOsmParser:79 - iaros - 7
2022-02-28 20:35:50 INFO  CompressedOsmParser:79 - Manu1400 - 7
2022-02-28 20:35:50 INFO  CompressedOsmParser:79 - Boobies - 7
2022-02-28 20:35:50 INFO  CompressedOsmParser:79 - –ú–∏—Ç—ë–∫ - 7
2022-02-28 20:35:50 INFO  CompressedOsmParser:79 - ZCC - 7
2022-02-28 20:35:50 INFO  CompressedOsmParser:79 - asinko03 - 7
2022-02-28 20:35:50 INFO  CompressedOsmParser:79 - Katya817 - 7
2022-02-28 20:35:50 INFO  CompressedOsmParser:79 - EvgeniaB - 7
2022-02-28 20:35:50 INFO  CompressedOsmParser:79 - armahema - 7
2022-02-28 20:35:50 INFO  CompressedOsmParser:79 - natanga - 7
2022-02-28 20:35:50 INFO  CompressedOsmParser:79 - lionS - 7
2022-02-28 20:35:50 INFO  CompressedOsmParser:79 - jatisw - 7
2022-02-28 20:35:50 INFO  CompressedOsmParser:79 - —Å–∏–±–∏—Ä—è–∫54 - 7
2022-02-28 20:35:50 INFO  CompressedOsmParser:79 - Zverik - 7
2022-02-28 20:35:50 INFO  CompressedOsmParser:79 - Jim_Di - 7
2022-02-28 20:35:50 INFO  CompressedOsmParser:79 - void_nsk - 6
2022-02-28 20:35:50 INFO  CompressedOsmParser:79 - CutterRus - 6
2022-02-28 20:35:50 INFO  CompressedOsmParser:79 - nick_volynkin - 6
2022-02-28 20:35:50 INFO  CompressedOsmParser:79 - sanek01 - 6
2022-02-28 20:35:50 INFO  CompressedOsmParser:79 - bull31 - 6
2022-02-28 20:35:50 INFO  CompressedOsmParser:79 - sadko1978m - 6
2022-02-28 20:35:50 INFO  CompressedOsmParser:79 - xVir - 6
2022-02-28 20:35:50 INFO  CompressedOsmParser:79 - melodictsk - 6
2022-02-28 20:35:50 INFO  CompressedOsmParser:79 - justhack - 6
2022-02-28 20:35:50 INFO  CompressedOsmParser:79 - –ù–∏–∫ –° - 6
2022-02-28 20:35:50 INFO  CompressedOsmParser:79 - anyerdna - 6
2022-02-28 20:35:50 INFO  CompressedOsmParser:79 - salsergey - 6
2022-02-28 20:35:50 INFO  CompressedOsmParser:79 - MadBorman - 6
2022-02-28 20:35:50 INFO  CompressedOsmParser:79 - D is Developer - 6
2022-02-28 20:35:50 INFO  CompressedOsmParser:79 - hadhuey - 6
2022-02-28 20:35:50 INFO  CompressedOsmParser:79 - Alisha - 6
2022-02-28 20:35:50 INFO  CompressedOsmParser:79 - peshkov - 6
2022-02-28 20:35:50 INFO  CompressedOsmParser:79 - –î–æ–ª–∞–Ω–∞ - 5
2022-02-28 20:35:50 INFO  CompressedOsmParser:79 - Zkir - 5
2022-02-28 20:35:50 INFO  CompressedOsmParser:79 - –ê–Ω–∂–µ–ª–∞ - 5
2022-02-28 20:35:50 INFO  CompressedOsmParser:79 - Sargis-T111 - 5
2022-02-28 20:35:50 INFO  CompressedOsmParser:79 - gwinder - 5
2022-02-28 20:35:50 INFO  CompressedOsmParser:79 - Pas - 5
2022-02-28 20:35:50 INFO  CompressedOsmParser:79 - MZaitsev - 5
2022-02-28 20:35:50 INFO  CompressedOsmParser:79 - Andrej-2 - 5
2022-02-28 20:35:50 INFO  CompressedOsmParser:79 - Dmitriy Sysoev - 5
2022-02-28 20:35:50 INFO  CompressedOsmParser:79 - Inok - 5
2022-02-28 20:35:50 INFO  CompressedOsmParser:79 - MaximNikiforov - 5
2022-02-28 20:35:50 INFO  CompressedOsmParser:79 - Barmagon - 5
2022-02-28 20:35:50 INFO  CompressedOsmParser:79 - Miheich - 5
2022-02-28 20:35:50 INFO  CompressedOsmParser:79 - metrosib - 5
2022-02-28 20:35:50 INFO  CompressedOsmParser:79 - Anrock - 5
2022-02-28 20:35:50 INFO  CompressedOsmParser:79 - omagic - 5
2022-02-28 20:35:50 INFO  CompressedOsmParser:79 - nki251 - 5
2022-02-28 20:35:50 INFO  CompressedOsmParser:79 - Vlasoft - 5
2022-02-28 20:35:50 INFO  CompressedOsmParser:79 - mtrr - 5
2022-02-28 20:35:50 INFO  CompressedOsmParser:79 - k0rd - 5
2022-02-28 20:35:50 INFO  CompressedOsmParser:79 - Sibirier - 5
2022-02-28 20:35:50 INFO  CompressedOsmParser:79 - art_chernyshev - 5
2022-02-28 20:35:50 INFO  CompressedOsmParser:79 - maryfedor - 5
2022-02-28 20:35:50 INFO  CompressedOsmParser:79 - LMNNsk - 5
2022-02-28 20:35:50 INFO  CompressedOsmParser:79 - nebm51 - 5
2022-02-28 20:35:50 INFO  CompressedOsmParser:79 - Traveler's Coffee - 5
2022-02-28 20:35:50 INFO  CompressedOsmParser:79 - kemmok - 5
2022-02-28 20:35:50 INFO  CompressedOsmParser:79 - n06rin - 5
2022-02-28 20:35:50 INFO  CompressedOsmParser:79 - TEDERIs - 4
2022-02-28 20:35:50 INFO  CompressedOsmParser:79 - –∞—Ä–∫–∞–Ω - 4
2022-02-28 20:35:50 INFO  CompressedOsmParser:79 - frol9 - 4
2022-02-28 20:35:50 INFO  CompressedOsmParser:79 - BoomEngine - 4
2022-02-28 20:35:50 INFO  CompressedOsmParser:79 - Artem_A - 4
2022-02-28 20:35:50 INFO  CompressedOsmParser:79 - vitalipet - 4
2022-02-28 20:35:50 INFO  CompressedOsmParser:79 - ToGr - 4
2022-02-28 20:35:50 INFO  CompressedOsmParser:79 - apca - 4
2022-02-28 20:35:50 INFO  CompressedOsmParser:79 - ediyes - 4
2022-02-28 20:35:50 INFO  CompressedOsmParser:79 - elena20112602 - 4
2022-02-28 20:35:50 INFO  CompressedOsmParser:79 - landfahrer - 4
2022-02-28 20:35:50 INFO  CompressedOsmParser:79 - –ï–≤–≥–µ–Ω–∏–π –Æ—Ä–∫–∏–Ω - 4
2022-02-28 20:35:50 INFO  CompressedOsmParser:79 - De14ri10ng - 4
2022-02-28 20:35:50 INFO  CompressedOsmParser:79 - taeno - 4
2022-02-28 20:35:50 INFO  CompressedOsmParser:79 - Skomoroshka - 4
2022-02-28 20:35:50 INFO  CompressedOsmParser:79 - b108 - 4
2022-02-28 20:35:50 INFO  CompressedOsmParser:79 - atsman - 4
2022-02-28 20:35:50 INFO  CompressedOsmParser:79 - –ï–≤–≥–µ–Ω–æ–≤–∞ –õ—é–¥–º–∏–ª–∞ - 4
2022-02-28 20:35:50 INFO  CompressedOsmParser:79 - Doggers - 4
2022-02-28 20:35:50 INFO  CompressedOsmParser:79 - dedNikifor - 4
2022-02-28 20:35:50 INFO  CompressedOsmParser:79 - BiIbo - 4
2022-02-28 20:35:50 INFO  CompressedOsmParser:79 - andygol - 4
2022-02-28 20:35:50 INFO  CompressedOsmParser:79 - withoutface - 4
2022-02-28 20:35:50 INFO  CompressedOsmParser:79 - Tatyana54 - 4
2022-02-28 20:35:50 INFO  CompressedOsmParser:79 - sashazykov - 4
2022-02-28 20:35:50 INFO  CompressedOsmParser:79 - –ï—Ä–º–∞–∫ - 4
2022-02-28 20:35:50 INFO  CompressedOsmParser:79 - Sen-–Ø - 4
2022-02-28 20:35:50 INFO  CompressedOsmParser:79 - malcolmh - 4
2022-02-28 20:35:50 INFO  CompressedOsmParser:79 - Luis36995 - 4
2022-02-28 20:35:50 INFO  CompressedOsmParser:79 - masha33 - 4
2022-02-28 20:35:50 INFO  CompressedOsmParser:79 - share-ware - 4
2022-02-28 20:35:50 INFO  CompressedOsmParser:79 - Vladimir Gin - 4
2022-02-28 20:35:50 INFO  CompressedOsmParser:79 - BORZOTA - 4
2022-02-28 20:35:50 INFO  CompressedOsmParser:79 - KlaydF - 4
2022-02-28 20:35:50 INFO  CompressedOsmParser:79 - pbav - 4
2022-02-28 20:35:50 INFO  CompressedOsmParser:79 - —Å–Ω–µ–∂–∞ - 4
2022-02-28 20:35:50 INFO  CompressedOsmParser:79 - ignat_b - 4
2022-02-28 20:35:50 INFO  CompressedOsmParser:79 - IainMaclean - 4
2022-02-28 20:35:50 INFO  CompressedOsmParser:79 - Ksk91 - 4
2022-02-28 20:35:50 INFO  CompressedOsmParser:79 - VeloNightGroup - 4
2022-02-28 20:35:50 INFO  CompressedOsmParser:79 - mrmurrdoc - 4
2022-02-28 20:35:50 INFO  CompressedOsmParser:79 - salik154 - 4
2022-02-28 20:35:50 INFO  CompressedOsmParser:79 - –û—Ç–ª–∏—á–Ω–∏—Ü–∞ - 4
2022-02-28 20:35:50 INFO  CompressedOsmParser:79 - Niker - 4
2022-02-28 20:35:50 INFO  CompressedOsmParser:79 - Petja - 4
2022-02-28 20:35:50 INFO  CompressedOsmParser:79 - pogoreli - 4
2022-02-28 20:35:50 INFO  CompressedOsmParser:79 - sibklubok - 4
2022-02-28 20:35:50 INFO  CompressedOsmParser:79 - srez - 4
2022-02-28 20:35:50 INFO  CompressedOsmParser:79 - –¥–∏–∑–∏–ª–∏—Å—Ç - 4
2022-02-28 20:35:50 INFO  CompressedOsmParser:79 - Kutuzov_optim - 4
2022-02-28 20:35:50 INFO  CompressedOsmParser:79 - DIMM54ka - 4
2022-02-28 20:35:50 INFO  CompressedOsmParser:79 - StasPekur - 4
2022-02-28 20:35:50 INFO  CompressedOsmParser:79 - Yuliya28 - 3
2022-02-28 20:35:50 INFO  CompressedOsmParser:79 - TSA21432 - 3
2022-02-28 20:35:50 INFO  CompressedOsmParser:79 - fomichenko - 3
2022-02-28 20:35:50 INFO  CompressedOsmParser:79 - niro - 3
2022-02-28 20:35:50 INFO  CompressedOsmParser:79 - ohmy - 3
2022-02-28 20:35:50 INFO  CompressedOsmParser:79 - imbizo - 3
2022-02-28 20:35:50 INFO  CompressedOsmParser:79 - kuzmatsukanov - 3
2022-02-28 20:35:50 INFO  CompressedOsmParser:79 - ksenia - 3
2022-02-28 20:35:50 INFO  CompressedOsmParser:79 - art2010 - 3
2022-02-28 20:35:50 INFO  CompressedOsmParser:79 - Vladislav Naumov - 3
2022-02-28 20:35:50 INFO  CompressedOsmParser:79 - alex_img - 3
2022-02-28 20:35:50 INFO  CompressedOsmParser:79 - MaryVeryTheOne - 3
2022-02-28 20:35:50 INFO  CompressedOsmParser:79 - Dr Kludge - 3
2022-02-28 20:35:50 INFO  CompressedOsmParser:79 - Sergey Astakhov - 3
2022-02-28 20:35:50 INFO  CompressedOsmParser:79 - Tim Morley - 3
2022-02-28 20:35:50 INFO  CompressedOsmParser:79 - Ramzes - 3
2022-02-28 20:35:50 INFO  CompressedOsmParser:79 - –í–µ—Ä–æ–Ω–∏–∫–∞93 - 3
2022-02-28 20:35:50 INFO  CompressedOsmParser:79 - Ezovskikh - 3
2022-02-28 20:35:50 INFO  CompressedOsmParser:79 - Andre68 - 3
2022-02-28 20:35:50 INFO  CompressedOsmParser:79 - Aristo - 3
2022-02-28 20:35:50 INFO  CompressedOsmParser:79 - Taxivs - 3
2022-02-28 20:35:50 INFO  CompressedOsmParser:79 - Sergey Dorokhin - 3
2022-02-28 20:35:50 INFO  CompressedOsmParser:79 - IGNAT_VELIKIY - 3
2022-02-28 20:35:50 INFO  CompressedOsmParser:79 - nikolamedik - 3
2022-02-28 20:35:50 INFO  CompressedOsmParser:79 - Kazikin - 3
2022-02-28 20:35:50 INFO  CompressedOsmParser:79 - –ö–∞—Ç–µ—Ä–∏–Ω–∞* - 3
2022-02-28 20:35:50 INFO  CompressedOsmParser:79 - fris - 3
2022-02-28 20:35:50 INFO  CompressedOsmParser:79 - GanKo - 3
2022-02-28 20:35:50 INFO  CompressedOsmParser:79 - Vyvern - 3
2022-02-28 20:35:50 INFO  CompressedOsmParser:79 - yasaniok - 3
2022-02-28 20:35:50 INFO  CompressedOsmParser:79 - –ê–Ω–¥—Ä–µ–π –ì–æ–ª–æ–≤–∏–Ω - 3
2022-02-28 20:35:50 INFO  CompressedOsmParser:79 - markoverride - 3
2022-02-28 20:35:50 INFO  CompressedOsmParser:79 - Alexander108 - 3
2022-02-28 20:35:50 INFO  CompressedOsmParser:79 - EditAmateur - 2
2022-02-28 20:35:50 INFO  CompressedOsmParser:79 - –ú–∞—à–∞1993 - 2
2022-02-28 20:35:50 INFO  CompressedOsmParser:79 - Hunternsk - 2
2022-02-28 20:35:50 INFO  CompressedOsmParser:79 - vovchic - 2
2022-02-28 20:35:50 INFO  CompressedOsmParser:79 - –ê–ª–µ—Ö - 2
2022-02-28 20:35:50 INFO  CompressedOsmParser:79 - Gorovato - 2
2022-02-28 20:35:50 INFO  CompressedOsmParser:79 - Sergej Bestuzhev - 2
2022-02-28 20:35:50 INFO  CompressedOsmParser:79 - Andrey-N - 2
2022-02-28 20:35:50 INFO  CompressedOsmParser:79 - maggot27 - 2
2022-02-28 20:35:50 INFO  CompressedOsmParser:79 - 1234glaz - 2
2022-02-28 20:35:50 INFO  CompressedOsmParser:79 - igor1969 - 2
2022-02-28 20:35:50 INFO  CompressedOsmParser:79 - Ashlee - 2
2022-02-28 20:35:50 INFO  CompressedOsmParser:79 - –û+–ª+—è - 2
2022-02-28 20:35:50 INFO  CompressedOsmParser:79 - Golova - 2
2022-02-28 20:35:50 INFO  CompressedOsmParser:79 - stewie_fisher - 2
2022-02-28 20:35:50 INFO  CompressedOsmParser:79 - AlexTheTux - 2
2022-02-28 20:35:50 INFO  CompressedOsmParser:79 - –≤–∞—Ö—Ç–æ–≤–∏–∫ - 2
2022-02-28 20:35:50 INFO  CompressedOsmParser:79 - Vazhnov Alexey - 2
2022-02-28 20:35:50 INFO  CompressedOsmParser:79 - uno3_2012 - 2
2022-02-28 20:35:50 INFO  CompressedOsmParser:79 - alniro1961 - 2
2022-02-28 20:35:50 INFO  CompressedOsmParser:79 - kalmar - 2
2022-02-28 20:35:50 INFO  CompressedOsmParser:79 - al56 - 2
2022-02-28 20:35:50 INFO  CompressedOsmParser:79 - VIPstars - 2
2022-02-28 20:35:50 INFO  CompressedOsmParser:79 - Saveli - 2
2022-02-28 20:35:50 INFO  CompressedOsmParser:79 - Myst - 2
2022-02-28 20:35:50 INFO  CompressedOsmParser:79 - kudryavsky - 2
2022-02-28 20:35:50 INFO  CompressedOsmParser:79 - trolleway - 2
2022-02-28 20:35:50 INFO  CompressedOsmParser:79 - Evgenyc - 2
2022-02-28 20:35:50 INFO  CompressedOsmParser:79 - king_nsk - 2
2022-02-28 20:35:50 INFO  CompressedOsmParser:79 - zed-nsk - 2
2022-02-28 20:35:50 INFO  CompressedOsmParser:79 - zverevsergei - 2
2022-02-28 20:35:50 INFO  CompressedOsmParser:79 - k555211 - 2
2022-02-28 20:35:50 INFO  CompressedOsmParser:79 - ken826 - 2
2022-02-28 20:35:50 INFO  CompressedOsmParser:79 - lexa36588 - 2
2022-02-28 20:35:50 INFO  CompressedOsmParser:79 - KekcuHa - 2
2022-02-28 20:35:50 INFO  CompressedOsmParser:79 - Saniga85 - 2
2022-02-28 20:35:50 INFO  CompressedOsmParser:79 - bossleo - 2
2022-02-28 20:35:50 INFO  CompressedOsmParser:79 - yaleks - 2
2022-02-28 20:35:50 INFO  CompressedOsmParser:79 - dr_hertz - 2
2022-02-28 20:35:50 INFO  CompressedOsmParser:79 - iHedonist - 1
2022-02-28 20:35:50 INFO  CompressedOsmParser:79 - –óZZZ - 1
2022-02-28 20:35:50 INFO  CompressedOsmParser:79 - Hassium - 1
2022-02-28 20:35:50 INFO  CompressedOsmParser:79 - xof - 1
2022-02-28 20:35:50 INFO  CompressedOsmParser:79 - Rub21 - 1
2022-02-28 20:35:50 INFO  CompressedOsmParser:79 - –∞–ª–µ–∫—Å–∞-–∞–ª–µ–∫—Å–µ–π - 1
2022-02-28 20:35:50 INFO  CompressedOsmParser:79 - Tropina Olesya - 1
2022-02-28 20:35:50 INFO  CompressedOsmParser:79 - katoshi - 1
2022-02-28 20:35:50 INFO  CompressedOsmParser:79 - ruthmaben - 1
2022-02-28 20:35:50 INFO  CompressedOsmParser:79 - inferst - 1
2022-02-28 20:35:50 INFO  CompressedOsmParser:79 - shura0 - 1
2022-02-28 20:35:50 INFO  CompressedOsmParser:79 - TAPAKAH - 1
2022-02-28 20:35:50 INFO  CompressedOsmParser:79 - SMP - 1
2022-02-28 20:35:50 INFO  CompressedOsmParser:79 - Collide205 - 1
2022-02-28 20:35:50 INFO  CompressedOsmParser:79 - Yura Svetlanov - 1
2022-02-28 20:35:50 INFO  CompressedOsmParser:79 - serikst - 1
2022-02-28 20:35:50 INFO  CompressedOsmParser:79 - ajk - 1
2022-02-28 20:35:50 INFO  CompressedOsmParser:79 - snixxzz - 1
2022-02-28 20:35:50 INFO  CompressedOsmParser:79 - eugene3306 - 1
2022-02-28 20:35:50 INFO  CompressedOsmParser:79 - int_ua - 1
2022-02-28 20:35:50 INFO  CompressedOsmParser:79 - Row - 1
2022-02-28 20:35:50 INFO  CompressedOsmParser:79 - HHCacher - 1
2022-02-28 20:35:50 INFO  CompressedOsmParser:79 - kaminari - 1
2022-02-28 20:35:50 INFO  CompressedOsmParser:79 - NTKe - 1
2022-02-28 20:35:50 INFO  CompressedOsmParser:79 - efred - 1
2022-02-28 20:35:50 INFO  CompressedOsmParser:79 - spark-23 - 1
2022-02-28 20:35:50 INFO  CompressedOsmParser:79 - Naty90 - 1
2022-02-28 20:35:50 INFO  CompressedOsmParser:79 - tvm - 1
2022-02-28 20:35:50 INFO  CompressedOsmParser:79 - –°–µ—Ä–≥–µ–π N - 1
2022-02-28 20:35:50 INFO  CompressedOsmParser:79 - zzazab - 1
2022-02-28 20:35:50 INFO  CompressedOsmParser:79 - JuliaFit - 1
2022-02-28 20:35:50 INFO  CompressedOsmParser:79 - –?–≤–∞–Ω –ö—Ä–∞—É—Å - 1
2022-02-28 20:35:50 INFO  CompressedOsmParser:79 - zsm991 - 1
2022-02-28 20:35:50 INFO  CompressedOsmParser:79 - plastun - 1
2022-02-28 20:35:50 INFO  CompressedOsmParser:79 - 046 - 1
2022-02-28 20:35:50 INFO  CompressedOsmParser:79 - cgu66 - 1
2022-02-28 20:35:50 INFO  CompressedOsmParser:79 - Ivazin - 1
2022-02-28 20:35:50 INFO  CompressedOsmParser:79 - iRadysyuk - 1
2022-02-28 20:35:50 INFO  CompressedOsmParser:79 - Jonny80 - 1
2022-02-28 20:35:50 INFO  CompressedOsmParser:79 - Jickx - 1
2022-02-28 20:35:50 INFO  CompressedOsmParser:79 - leg47 - 1
2022-02-28 20:35:50 INFO  CompressedOsmParser:79 - Zilovetc - 1
2022-02-28 20:35:50 INFO  CompressedOsmParser:79 - autoprokat54 - 1
2022-02-28 20:35:50 INFO  CompressedOsmParser:79 - Walter Schl√∂gl - 1
2022-02-28 20:35:50 INFO  CompressedOsmParser:79 - ovit2 - 1
2022-02-28 20:35:50 INFO  CompressedOsmParser:79 - Dracon64 - 1
2022-02-28 20:35:50 INFO  CompressedOsmParser:79 - navigARTor - 1
2022-02-28 20:35:50 INFO  CompressedOsmParser:79 - ranger90 - 1
2022-02-28 20:35:50 INFO  CompressedOsmParser:79 - hkm - 1
2022-02-28 20:35:50 INFO  CompressedOsmParser:79 - yaric - 1
2022-02-28 20:35:50 INFO  CompressedOsmParser:79 - reta - 1
2022-02-28 20:35:50 INFO  CompressedOsmParser:79 - Azor - 1
2022-02-28 20:35:50 INFO  CompressedOsmParser:79 - asfintesco - 1
2022-02-28 20:35:50 INFO  CompressedOsmParser:79 - Pavel Konovalov - 1
2022-02-28 20:35:50 INFO  CompressedOsmParser:79 - stenl - 1
2022-02-28 20:35:50 INFO  CompressedOsmParser:79 - Pudich - 1
2022-02-28 20:35:50 INFO  CompressedOsmParser:79 - leshey - 1
2022-02-28 20:35:50 INFO  CompressedOsmParser:79 - letchik - 1
2022-02-28 20:35:50 INFO  CompressedOsmParser:79 - Claudius Henrichs - 1
2022-02-28 20:35:50 INFO  CompressedOsmParser:79 - Alexey Spiridonov - 1
2022-02-28 20:35:50 INFO  CompressedOsmParser:79 - one_half_3544 - 1
2022-02-28 20:35:50 INFO  CompressedOsmParser:79 - Spol1981 - 1
2022-02-28 20:35:50 INFO  CompressedOsmParser:79 - –î–≤–µ–¥—å - 1
2022-02-28 20:35:50 INFO  CompressedOsmParser:79 - Toxa-xa - 1
2022-02-28 20:35:50 INFO  CompressedOsmParser:79 - veronika1412 - 1
2022-02-28 20:35:50 INFO  CompressedOsmParser:79 - Murat Dzhusupov - 1
2022-02-28 20:35:50 INFO  CompressedOsmParser:79 - AndiG88 - 1
2022-02-28 20:35:50 INFO  CompressedOsmParser:79 - ciclista - 1
2022-02-28 20:35:50 INFO  CompressedOsmParser:79 - deksden - 1
2022-02-28 20:35:50 INFO  CompressedOsmParser:79 - tretjakoffffa - 1
2022-02-28 20:35:50 INFO  CompressedOsmParser:79 - GriFF - 1
2022-02-28 20:35:50 INFO  CompressedOsmParser:79 - Classen - 1
2022-02-28 20:35:50 INFO  CompressedOsmParser:79 - Fabi2 - 1
2022-02-28 20:35:50 INFO  CompressedOsmParser:79 - Stanislav Novosibirsk - 1
2022-02-28 20:35:50 INFO  CompressedOsmParser:79 - k1pro - 1
2022-02-28 20:35:50 INFO  CompressedOsmParser:79 - greywind - 1
2022-02-28 20:35:50 INFO  CompressedOsmParser:79 - –∫—Å–µ–Ω–∏—è –∫–æ–∑–ª–æ–≤–∞ - 1
2022-02-28 20:35:50 INFO  CompressedOsmParser:79 - uboot - 1
2022-02-28 20:35:50 INFO  CompressedOsmParser:79 - andrewa78 - 1
2022-02-28 20:35:50 INFO  CompressedOsmParser:79 - Syl - 1
2022-02-28 20:35:50 INFO  CompressedOsmParser:79 - overwolf - 1
2022-02-28 20:35:50 INFO  CompressedOsmParser:79 - wheelmap_visitor - 1
2022-02-28 20:35:50 INFO  CompressedOsmParser:79 - Djonik - 1
2022-02-28 20:35:50 INFO  CompressedOsmParser:79 - lzhl - 1
2022-02-28 20:35:50 INFO  CompressedOsmParser:79 - aquamarishechka - 1
2022-02-28 20:35:50 INFO  CompressedOsmParser:79 - Jochen Topf - 1
2022-02-28 20:35:50 INFO  CompressedOsmParser:79 - Amaroussi - 1
2022-02-28 20:35:50 INFO  CompressedOsmParser:79 - Ropino - 1
2022-02-28 20:35:50 INFO  CompressedOsmParser:79 - olehz - 1
2022-02-28 20:35:50 INFO  CompressedOsmParser:79 - mavl - 1
2022-02-28 20:35:50 INFO  CompressedOsmParser:79 - DemanO - 1
2022-02-28 20:35:50 INFO  CompressedOsmParser:79 - tixuwuoz - 1
2022-02-28 20:35:50 INFO  CompressedOsmParser:79 - konev - 1
2022-02-28 20:35:50 INFO  CompressedOsmParser:79 - mikser33 - 1
2022-02-28 20:35:50 INFO  CompressedOsmParser:79 - romzes722 - 1
2022-02-28 20:35:50 INFO  CompressedOsmParser:79 - Kristinajdm - 1
2022-02-28 20:35:50 INFO  CompressedOsmParser:79 - Ezhick - 1
2022-02-28 20:35:50 INFO  CompressedOsmParser:79 - K2Zed - 1
2022-02-28 20:35:50 INFO  CompressedOsmParser:79 - Dron_007 - 1
